<?xml version="1.0" encoding="UTF-8" ?>
<testsuite failures="0" time="0.147" errors="0" skipped="0" tests="25" name="au.com.bytecode.opencsv.CSVWriterTest">
  <properties>
    <property name="java.runtime.name" value="Java(TM) SE Runtime Environment"/>
    <property name="sun.boot.library.path" value="C:\Program Files\Java\jdk1.7.0_45\jre\bin"/>
    <property name="java.vm.version" value="24.45-b08"/>
    <property name="java.vm.vendor" value="Oracle Corporation"/>
    <property name="java.vendor.url" value="http://java.oracle.com/"/>
    <property name="path.separator" value=";"/>
    <property name="java.vm.name" value="Java HotSpot(TM) 64-Bit Server VM"/>
    <property name="file.encoding.pkg" value="sun.io"/>
    <property name="user.script" value=""/>
    <property name="user.country" value="US"/>
    <property name="sun.java.launcher" value="SUN_STANDARD"/>
    <property name="sun.os.patch.level" value="Service Pack 1"/>
    <property name="java.vm.specification.name" value="Java Virtual Machine Specification"/>
    <property name="user.dir" value="C:\Workspace\ProM\opencsv"/>
    <property name="java.runtime.version" value="1.7.0_45-b18"/>
    <property name="java.awt.graphicsenv" value="sun.awt.Win32GraphicsEnvironment"/>
    <property name="basedir" value="C:\Workspace\ProM\opencsv"/>
    <property name="java.endorsed.dirs" value="C:\Program Files\Java\jdk1.7.0_45\jre\lib\endorsed"/>
    <property name="os.arch" value="amd64"/>
    <property name="surefire.real.class.path" value="C:\Workspace\ProM\opencsv\target\surefire\surefirebooter517671924890717266.jar"/>
    <property name="java.io.tmpdir" value="C:\Users\FEMANN~1\AppData\Local\Temp\"/>
    <property name="line.separator" value="
"/>
    <property name="java.vm.specification.vendor" value="Oracle Corporation"/>
    <property name="user.variant" value=""/>
    <property name="os.name" value="Windows 7"/>
    <property name="sun.jnu.encoding" value="Cp1252"/>
    <property name="java.library.path" value="C:\Program Files\Java\jdk1.7.0_45\jre\bin;C:\Windows\Sun\Java\bin;C:\Windows\system32;C:\Windows;C:\Users\fmannhardt\Gurobi\win64\bin;C:\Program Files\Common Files\Microsoft Shared\Windows Live;C:\Program Files (x86)\Common Files\Microsoft Shared\Windows Live;C:\Windows\system32;C:\Windows;C:\Windows\System32\Wbem;C:\Windows\System32\WindowsPowerShell\v1.0\;C:\Program Files\Intel\WiFi\bin\;C:\Program Files\Common Files\Intel\WirelessCommon\;C:\Program Files\Google\Google Apps Sync\;C:\Program Files (x86)\MiKTeX 2.9\miktex\bin\;C:\Program Files (x86)\Git\cmd;C:\Utils\apache-maven-3.0.5\bin;C:\Utils\apache-ant-1.9.0\bin;C:\Program Files (x86)\Graphviz2.30\bin;C:\Program Files (x86)\Microsoft SQL Server\110\Tools\Binn\;C:\Program Files\Microsoft SQL Server\110\Tools\Binn\;C:\Program Files\Microsoft SQL Server\110\DTS\Binn\;C:\Program Files (x86)\Microsoft SQL Server\110\Tools\Binn\ManagementStudio\;C:\Program Files (x86)\Microsoft SQL Server\110\DTS\Binn\;C:\Program Files\TortoiseSVN\bin;C:\Program Files (x86)\Windows Live\Shared;C:\Program Files (x86)\CSVfix;C:\Program Files\AMD\CodeAnalyst\bin;C:\Program Files (x86)\AMD\CodeAnalyst\bin;C:\strawberry\c\bin;C:\strawberry\perl\site\bin;C:\strawberry\perl\bin;C:\Program Files (x86)\MiKTeX 2.9\scripts\latexdiff\perl;C:\Program Files\TortoiseGit\bin;C:\Go\bin;C:\Program Files (x86)\GNU\GnuPG\pub;C:\Program Files (x86)\QuickTime\QTSystem\;."/>
    <property name="surefire.test.class.path" value="C:\Workspace\ProM\opencsv\target\test-classes;C:\Workspace\ProM\opencsv\target\classes;C:\Users\femannhardt\.m2\repository\junit\junit\4.8.2\junit-4.8.2.jar;C:\Users\femannhardt\.m2\repository\org\mockito\mockito-core\1.8.1\mockito-core-1.8.1.jar;C:\Users\femannhardt\.m2\repository\org\hamcrest\hamcrest-core\1.1\hamcrest-core-1.1.jar;C:\Users\femannhardt\.m2\repository\org\objenesis\objenesis\1.0\objenesis-1.0.jar;"/>
    <property name="java.specification.name" value="Java Platform API Specification"/>
    <property name="java.class.version" value="51.0"/>
    <property name="sun.management.compiler" value="HotSpot 64-Bit Tiered Compilers"/>
    <property name="os.version" value="6.1"/>
    <property name="user.home" value="C:\Users\femannhardt"/>
    <property name="user.timezone" value=""/>
    <property name="java.awt.printerjob" value="sun.awt.windows.WPrinterJob"/>
    <property name="java.specification.version" value="1.7"/>
    <property name="file.encoding" value="Cp1252"/>
    <property name="user.name" value="femannhardt"/>
    <property name="java.class.path" value="C:\Workspace\ProM\opencsv\target\test-classes;C:\Workspace\ProM\opencsv\target\classes;C:\Users\femannhardt\.m2\repository\junit\junit\4.8.2\junit-4.8.2.jar;C:\Users\femannhardt\.m2\repository\org\mockito\mockito-core\1.8.1\mockito-core-1.8.1.jar;C:\Users\femannhardt\.m2\repository\org\hamcrest\hamcrest-core\1.1\hamcrest-core-1.1.jar;C:\Users\femannhardt\.m2\repository\org\objenesis\objenesis\1.0\objenesis-1.0.jar;"/>
    <property name="java.vm.specification.version" value="1.7"/>
    <property name="sun.arch.data.model" value="64"/>
    <property name="java.home" value="C:\Program Files\Java\jdk1.7.0_45\jre"/>
    <property name="sun.java.command" value="C:\Workspace\ProM\opencsv\target\surefire\surefirebooter517671924890717266.jar C:\Workspace\ProM\opencsv\target\surefire\surefire6141910883076110680tmp C:\Workspace\ProM\opencsv\target\surefire\surefire6243376024939641838tmp"/>
    <property name="java.specification.vendor" value="Oracle Corporation"/>
    <property name="user.language" value="en"/>
    <property name="awt.toolkit" value="sun.awt.windows.WToolkit"/>
    <property name="java.vm.info" value="mixed mode"/>
    <property name="java.version" value="1.7.0_45"/>
    <property name="java.ext.dirs" value="C:\Program Files\Java\jdk1.7.0_45\jre\lib\ext;C:\Windows\Sun\Java\lib\ext"/>
    <property name="sun.boot.class.path" value="C:\Program Files\Java\jdk1.7.0_45\jre\lib\resources.jar;C:\Program Files\Java\jdk1.7.0_45\jre\lib\rt.jar;C:\Program Files\Java\jdk1.7.0_45\jre\lib\sunrsasign.jar;C:\Program Files\Java\jdk1.7.0_45\jre\lib\jsse.jar;C:\Program Files\Java\jdk1.7.0_45\jre\lib\jce.jar;C:\Program Files\Java\jdk1.7.0_45\jre\lib\charsets.jar;C:\Program Files\Java\jdk1.7.0_45\jre\lib\jfr.jar;C:\Program Files\Java\jdk1.7.0_45\jre\classes"/>
    <property name="java.vendor" value="Oracle Corporation"/>
    <property name="localRepository" value="C:\Users\femannhardt\.m2\repository"/>
    <property name="file.separator" value="\"/>
    <property name="java.vendor.url.bug" value="http://bugreport.sun.com/bugreport/"/>
    <property name="sun.cpu.endian" value="little"/>
    <property name="sun.io.unicode.encoding" value="UnicodeLittle"/>
    <property name="sun.desktop" value="windows"/>
    <property name="sun.cpu.isalist" value="amd64"/>
  </properties>
  <testcase time="0" classname="au.com.bytecode.opencsv.CSVWriterTest" name="testWriteAll"/>
  <testcase time="0" classname="au.com.bytecode.opencsv.CSVWriterTest" name="correctlyParserNullObject"/>
  <testcase time="0" classname="au.com.bytecode.opencsv.CSVWriterTest" name="correctlyParseNullString"/>
  <testcase time="0" classname="au.com.bytecode.opencsv.CSVWriterTest" name="testSpecialCharacters"/>
  <testcase time="0" classname="au.com.bytecode.opencsv.CSVWriterTest" name="testParseLineWithNoEscapeChar"/>
  <testcase time="0" classname="au.com.bytecode.opencsv.CSVWriterTest" name="testWriteAllObjects"/>
  <testcase time="0" classname="au.com.bytecode.opencsv.CSVWriterTest" name="testNoQuoteChars"/>
  <testcase time="0" classname="au.com.bytecode.opencsv.CSVWriterTest" name="testIntelligentQuotes"/>
  <testcase time="0" classname="au.com.bytecode.opencsv.CSVWriterTest" name="testNullValues"/>
  <testcase time="0.001" classname="au.com.bytecode.opencsv.CSVWriterTest" name="testStreamFlushing"/>
  <testcase time="0.001" classname="au.com.bytecode.opencsv.CSVWriterTest" name="flushWillThrowIOException"/>
  <testcase time="0" classname="au.com.bytecode.opencsv.CSVWriterTest" name="testAlternateEscapeChar"/>
  <testcase time="0" classname="au.com.bytecode.opencsv.CSVWriterTest" name="testNoQuotingNoEscaping"/>
  <testcase time="0.034" classname="au.com.bytecode.opencsv.CSVWriterTest" name="testNestedQuotes"/>
  <testcase time="0" classname="au.com.bytecode.opencsv.CSVWriterTest" name="testAlternateLineFeeds"/>
  <testcase time="0.075" classname="au.com.bytecode.opencsv.CSVWriterTest" name="testResultSetWithHeaders"/>
  <testcase time="0.004" classname="au.com.bytecode.opencsv.CSVWriterTest" name="testResultSetWithoutHeaders"/>
  <testcase time="0.006" classname="au.com.bytecode.opencsv.CSVWriterTest" name="testResultSetTrim"/>
  <testcase time="0" classname="au.com.bytecode.opencsv.CSVWriterTest" name="parseLineWithBothEscapeAndQuoteChar"/>
  <testcase time="0" classname="au.com.bytecode.opencsv.CSVWriterTest" name="parseLineWithNoEscapeCharAndQuotes"/>
  <testcase time="0" classname="au.com.bytecode.opencsv.CSVWriterTest" name="testNoQuoteCharsAndNoEscapeChars"/>
  <testcase time="0" classname="au.com.bytecode.opencsv.CSVWriterTest" name="flushQuietlyWillNotThrowException"/>
  <testcase time="0.008" classname="au.com.bytecode.opencsv.CSVWriterTest" name="testMultiLineResultSetWithHeaders"/>
  <testcase time="0.007" classname="au.com.bytecode.opencsv.CSVWriterTest" name="testMultiLineResultSetWithoutHeaders"/>
  <testcase time="0" classname="au.com.bytecode.opencsv.CSVWriterTest" name="testParseLine"/>
</testsuite>